<?xml version="1.0" encoding="UTF-8"?>
<!-- Generated by org.testng.reporters.JUnitReportReporter -->
<testsuite hostname="LAPTOP-PLUC8CR4" failures="0" tests="1" name="com.seleniumprograms.ImplicitWaitDemo" time="0.198" errors="0" timestamp="2024-12-18T18:26:34 IST" skipped="0">
  <testcase classname="com.seleniumprograms.ImplicitWaitDemo" name="login" time="0.198"/>
</testsuite> <!-- com.seleniumprograms.ImplicitWaitDemo -->
