<?xml version="1.0" encoding="UTF-8"?>
<!-- Generated by org.testng.reporters.JUnitReportReporter -->
<testsuite hostname="LAPTOP-PLUC8CR4" failures="0" tests="1" name="FluentwaitDemo" time="0.229" errors="0" timestamp="2024-12-12T14:27:21 IST" skipped="0">
  <testcase classname="FluentwaitDemo" name="login" time="0.229"/>
</testsuite> <!-- FluentwaitDemo -->
