<?xml version="1.0" encoding="UTF-8"?>
<!-- Generated by org.testng.reporters.JUnitReportReporter -->
<testsuite hostname="LAPTOP-PLUC8CR4" failures="0" tests="1" name="com.testngprograms.IListenersDemo" time="0.012" errors="0" timestamp="2024-12-14T11:53:17 IST" skipped="0">
  <testcase classname="com.testngprograms.IListenersDemo" name="testmethod1" time="0.012"/>
</testsuite> <!-- com.testngprograms.IListenersDemo -->
