<?xml version="1.0" encoding="UTF-8"?>
<!-- Generated by org.testng.reporters.JUnitReportReporter -->
<testsuite hostname="LAPTOP-PLUC8CR4" failures="0" tests="1" name="ExplicitWait" time="0.239" errors="0" timestamp="2024-12-12T14:25:29 IST" skipped="0">
  <testcase classname="ExplicitWait" name="login" time="0.239"/>
</testsuite> <!-- ExplicitWait -->
