<?xml version="1.0" encoding="UTF-8"?>
<!-- Generated by org.testng.reporters.JUnitReportReporter -->
<testsuite hostname="LAPTOP-PLUC8CR4" failures="0" tests="1" name="ImplicitWait" time="0.269" errors="0" timestamp="2024-12-12T14:24:41 IST" skipped="0">
  <testcase classname="ImplicitWait" name="login" time="0.269"/>
</testsuite> <!-- ImplicitWait -->
