<?xml version="1.0" encoding="UTF-8"?>
<!-- Generated by org.testng.reporters.JUnitReportReporter -->
<testsuite hostname="LAPTOP-PLUC8CR4" failures="0" tests="1" name="com.seleniumprograms.ImplicitWaitDemo" time="0.486" errors="0" timestamp="2025-06-07T16:06:55 IST" skipped="0">
  <testcase classname="com.seleniumprograms.ImplicitWaitDemo" name="login" time="0.486"/>
</testsuite> <!-- com.seleniumprograms.ImplicitWaitDemo -->
